[15Apr2025 00:07:00.368] [Server thread/INFO] [net.minecraft.server.MinecraftServer/]: [Sofx0Loder: Set own game mode to Spectator Mode]
[15Apr2025 00:07:02.436] [Server thread/INFO] [net.minecraft.server.MinecraftServer/]: [Sofx0Loder: Set own game mode to Survival Mode]
[15Apr2025 00:07:18.092] [Server thread/WARN] [net.minecraft.network.syncher.SynchedEntityData/]: defineId called for: class forge.net.mca.entity.ZombieVillagerEntityMCA from class forge.net.mca.util.network.datasync.CDataParameter
[15Apr2025 00:07:18.092] [Server thread/WARN] [net.minecraft.network.syncher.SynchedEntityData/]: defineId called for: class forge.net.mca.entity.ZombieVillagerEntityMCA from class forge.net.mca.util.network.datasync.CDataParameter
[15Apr2025 00:07:18.093] [Server thread/WARN] [net.minecraft.network.syncher.SynchedEntityData/]: defineId called for: class forge.net.mca.entity.ZombieVillagerEntityMCA from class forge.net.mca.util.network.datasync.CDataParameter
[15Apr2025 00:07:18.093] [Server thread/WARN] [net.minecraft.network.syncher.SynchedEntityData/]: defineId called for: class forge.net.mca.entity.ZombieVillagerEntityMCA from class forge.net.mca.util.network.datasync.CDataParameter
[15Apr2025 00:07:18.093] [Server thread/WARN] [net.minecraft.network.syncher.SynchedEntityData/]: defineId called for: class forge.net.mca.entity.ZombieVillagerEntityMCA from class forge.net.mca.util.network.datasync.CDataParameter
[15Apr2025 00:07:18.094] [Server thread/WARN] [net.minecraft.network.syncher.SynchedEntityData/]: defineId called for: class forge.net.mca.entity.ZombieVillagerEntityMCA from class forge.net.mca.util.network.datasync.CDataParameter
[15Apr2025 00:07:18.094] [Server thread/WARN] [net.minecraft.network.syncher.SynchedEntityData/]: defineId called for: class forge.net.mca.entity.ZombieVillagerEntityMCA from class forge.net.mca.util.network.datasync.CDataParameter
[15Apr2025 00:07:18.094] [Server thread/WARN] [net.minecraft.network.syncher.SynchedEntityData/]: defineId called for: class forge.net.mca.entity.ZombieVillagerEntityMCA from class forge.net.mca.util.network.datasync.CEnumParameter
[15Apr2025 00:07:18.094] [Server thread/WARN] [net.minecraft.network.syncher.SynchedEntityData/]: defineId called for: class forge.net.mca.entity.ZombieVillagerEntityMCA from class forge.net.mca.util.network.datasync.CDataParameter
[15Apr2025 00:07:18.094] [Server thread/WARN] [net.minecraft.network.syncher.SynchedEntityData/]: defineId called for: class forge.net.mca.entity.ZombieVillagerEntityMCA from class forge.net.mca.util.network.datasync.CDataParameter
[15Apr2025 00:07:18.095] [Server thread/WARN] [net.minecraft.network.syncher.SynchedEntityData/]: defineId called for: class forge.net.mca.entity.ZombieVillagerEntityMCA from class forge.net.mca.util.network.datasync.CDataParameter
[15Apr2025 00:07:18.095] [Server thread/WARN] [net.minecraft.network.syncher.SynchedEntityData/]: defineId called for: class forge.net.mca.entity.ZombieVillagerEntityMCA from class forge.net.mca.util.network.datasync.CDataParameter
[15Apr2025 00:07:18.095] [Server thread/WARN] [net.minecraft.network.syncher.SynchedEntityData/]: defineId called for: class forge.net.mca.entity.ZombieVillagerEntityMCA from class forge.net.mca.util.network.datasync.CDataParameter
[15Apr2025 00:07:18.095] [Server thread/WARN] [net.minecraft.network.syncher.SynchedEntityData/]: defineId called for: class forge.net.mca.entity.ZombieVillagerEntityMCA from class forge.net.mca.util.network.datasync.CDataParameter
[15Apr2025 00:07:18.096] [Server thread/WARN] [net.minecraft.network.syncher.SynchedEntityData/]: defineId called for: class forge.net.mca.entity.ZombieVillagerEntityMCA from class forge.net.mca.util.network.datasync.CDataParameter
[15Apr2025 00:07:18.096] [Server thread/WARN] [net.minecraft.network.syncher.SynchedEntityData/]: defineId called for: class forge.net.mca.entity.ZombieVillagerEntityMCA from class forge.net.mca.util.network.datasync.CDataParameter
[15Apr2025 00:07:18.096] [Server thread/WARN] [net.minecraft.network.syncher.SynchedEntityData/]: defineId called for: class forge.net.mca.entity.ZombieVillagerEntityMCA from class forge.net.mca.util.network.datasync.CDataParameter
[15Apr2025 00:07:18.096] [Server thread/WARN] [net.minecraft.network.syncher.SynchedEntityData/]: defineId called for: class forge.net.mca.entity.ZombieVillagerEntityMCA from class forge.net.mca.util.network.datasync.CDataParameter
[15Apr2025 00:07:18.096] [Server thread/WARN] [net.minecraft.network.syncher.SynchedEntityData/]: defineId called for: class forge.net.mca.entity.ZombieVillagerEntityMCA from class forge.net.mca.util.network.datasync.CDataParameter
[15Apr2025 00:07:18.097] [Server thread/WARN] [net.minecraft.network.syncher.SynchedEntityData/]: defineId called for: class forge.net.mca.entity.ZombieVillagerEntityMCA from class forge.net.mca.util.network.datasync.CEnumParameter
[15Apr2025 00:07:18.097] [Server thread/WARN] [net.minecraft.network.syncher.SynchedEntityData/]: defineId called for: class forge.net.mca.entity.ZombieVillagerEntityMCA from class forge.net.mca.util.network.datasync.CDataParameter
[15Apr2025 00:07:18.097] [Server thread/WARN] [net.minecraft.network.syncher.SynchedEntityData/]: defineId called for: class forge.net.mca.entity.ZombieVillagerEntityMCA from class forge.net.mca.util.network.datasync.CDataParameter
[15Apr2025 00:07:18.097] [Server thread/WARN] [net.minecraft.network.syncher.SynchedEntityData/]: defineId called for: class forge.net.mca.entity.ZombieVillagerEntityMCA from class forge.net.mca.util.network.datasync.CEnumParameter
[15Apr2025 00:07:18.097] [Server thread/WARN] [net.minecraft.network.syncher.SynchedEntityData/]: defineId called for: class forge.net.mca.entity.ZombieVillagerEntityMCA from class forge.net.mca.util.network.datasync.CDataParameter
[15Apr2025 00:07:18.097] [Server thread/WARN] [net.minecraft.network.syncher.SynchedEntityData/]: defineId called for: class forge.net.mca.entity.ZombieVillagerEntityMCA from class forge.net.mca.util.network.datasync.CEnumParameter
[15Apr2025 00:07:18.098] [Server thread/WARN] [net.minecraft.network.syncher.SynchedEntityData/]: defineId called for: class forge.net.mca.entity.ZombieVillagerEntityMCA from class forge.net.mca.util.network.datasync.CEnumParameter
[15Apr2025 00:07:18.098] [Server thread/WARN] [net.minecraft.network.syncher.SynchedEntityData/]: defineId called for: class forge.net.mca.entity.ZombieVillagerEntityMCA from class forge.net.mca.util.network.datasync.CDataParameter
[15Apr2025 00:07:18.098] [Server thread/WARN] [net.minecraft.network.syncher.SynchedEntityData/]: defineId called for: class forge.net.mca.entity.ZombieVillagerEntityMCA from class forge.net.mca.util.network.datasync.CDataParameter
[15Apr2025 00:07:18.099] [Server thread/WARN] [net.minecraft.network.syncher.SynchedEntityData/]: defineId called for: class forge.net.mca.entity.ZombieVillagerEntityMCA from class forge.net.mca.util.network.datasync.CDataParameter
[15Apr2025 00:07:18.099] [Server thread/WARN] [net.minecraft.network.syncher.SynchedEntityData/]: defineId called for: class forge.net.mca.entity.ZombieVillagerEntityMCA from class forge.net.mca.util.network.datasync.CDataParameter
[15Apr2025 00:07:18.099] [Server thread/WARN] [net.minecraft.network.syncher.SynchedEntityData/]: defineId called for: class forge.net.mca.entity.ZombieVillagerEntityMCA from class forge.net.mca.util.network.datasync.CDataParameter
[15Apr2025 00:07:18.099] [Server thread/WARN] [net.minecraft.network.syncher.SynchedEntityData/]: defineId called for: class forge.net.mca.entity.ZombieVillagerEntityMCA from class forge.net.mca.util.network.datasync.CDataParameter
[15Apr2025 00:07:18.099] [Server thread/WARN] [net.minecraft.network.syncher.SynchedEntityData/]: defineId called for: class forge.net.mca.entity.ZombieVillagerEntityMCA from class forge.net.mca.util.network.datasync.CDataParameter
[15Apr2025 00:07:18.099] [Server thread/WARN] [net.minecraft.network.syncher.SynchedEntityData/]: defineId called for: class forge.net.mca.entity.ZombieVillagerEntityMCA from class forge.net.mca.util.network.datasync.CDataParameter
[15Apr2025 00:07:18.100] [Server thread/WARN] [net.minecraft.network.syncher.SynchedEntityData/]: defineId called for: class forge.net.mca.entity.ZombieVillagerEntityMCA from class forge.net.mca.util.network.datasync.CDataParameter
[15Apr2025 00:07:18.100] [Server thread/WARN] [net.minecraft.network.syncher.SynchedEntityData/]: defineId called for: class forge.net.mca.entity.ZombieVillagerEntityMCA from class forge.net.mca.util.network.datasync.CDataParameter
[15Apr2025 00:07:18.100] [Server thread/WARN] [net.minecraft.network.syncher.SynchedEntityData/]: defineId called for: class forge.net.mca.entity.ZombieVillagerEntityMCA from class forge.net.mca.util.network.datasync.CDataParameter
[15Apr2025 00:07:22.551] [Server thread/INFO] [net.minecraft.server.MinecraftServer/]: [Sofx0Loder: Set own game mode to Spectator Mode]
[15Apr2025 00:07:24.171] [Server thread/INFO] [net.minecraft.server.MinecraftServer/]: [Sofx0Loder: Set own game mode to Survival Mode]
[15Apr2025 00:27:47.266] [Server thread/INFO] [net.minecraft.server.MinecraftServer/]: [Sofx0Loder: Set own game mode to Spectator Mode]
[15Apr2025 00:28:00.085] [Server thread/INFO] [net.minecraft.server.MinecraftServer/]: [Sofx0Loder: Set own game mode to Survival Mode]
[15Apr2025 00:28:15.309] [Server thread/INFO] [net.minecraft.server.MinecraftServer/]: [Sofx0Loder: Set own game mode to Spectator Mode]
[15Apr2025 00:28:17.533] [Server thread/INFO] [net.minecraft.server.MinecraftServer/]: [Sofx0Loder: Set own game mode to Survival Mode]
[15Apr2025 00:33:14.347] [Server thread/INFO] [net.minecraftforge.common.AdvancementLoadFix/]: Using new advancement loading for net.minecraft.server.PlayerAdvancements@6c4694ae
[15Apr2025 00:33:14.352] [Server thread/INFO] [net.minecraft.server.players.PlayerList/]: Flancito0_[/127.223.198.220:55849] logged in with entity id 11801 at (-1274.05984657174, 142.0, -1644.100861854164)
[15Apr2025 00:33:14.364] [Server thread/INFO] [net.minecraft.server.MinecraftServer/]: Flancito0_ joined the game
[15Apr2025 00:33:17.054] [Server thread/INFO] [voicechat/]: [voicechat] Received secret request of Flancito0_ (18)
[15Apr2025 00:33:17.054] [Server thread/INFO] [voicechat/]: [voicechat] Sent secret to Flancito0_
[15Apr2025 00:33:26.539] [VoiceChatPacketProcessingThread/INFO] [voicechat/]: [voicechat] Successfully authenticated player 807d4b02-2892-3ac2-a000-a9c5173caa95
[15Apr2025 00:33:27.551] [VoiceChatPacketProcessingThread/INFO] [voicechat/]: [voicechat] Successfully validated connection of player 807d4b02-2892-3ac2-a000-a9c5173caa95
[15Apr2025 00:33:27.551] [VoiceChatPacketProcessingThread/INFO] [voicechat/]: [voicechat] Player Flancito0_ (807d4b02-2892-3ac2-a000-a9c5173caa95) successfully connected to voice chat
[15Apr2025 00:34:42.545] [Server thread/INFO] [net.minecraft.server.MinecraftServer/]: [Not Secure] <Sofx0Loder> veni a la call
[15Apr2025 00:34:48.608] [Server thread/INFO] [net.minecraft.server.MinecraftServer/]: [Not Secure] <Flancito0_> ya va
[15Apr2025 00:35:04.441] [Server thread/INFO] [net.minecraft.server.MinecraftServer/]: [Not Secure] <Flancito0_> estoy ocupao, acabo de salir d bañar
[15Apr2025 00:47:15.259] [Server thread/INFO] [net.minecraft.server.MinecraftServer/]: [Not Secure] <Flancito0_> che leo, queres ir a explorar el nether?
[15Apr2025 00:47:21.015] [Server thread/INFO] [net.minecraft.server.MinecraftServer/]: [Not Secure] <Sofx0Loder> tenes librerias?
[15Apr2025 00:47:25.558] [Server thread/INFO] [net.minecraft.server.MinecraftServer/]: [Not Secure] <Sofx0Loder> dsp de terminar mi casa
[15Apr2025 00:47:26.445] [Server thread/INFO] [net.minecraft.server.MinecraftServer/]: [Not Secure] <Flancito0_> si
[15Apr2025 00:47:33.952] [Server thread/INFO] [net.minecraft.server.MinecraftServer/]: [Not Secure] <Sofx0Loder> gimi
[15Apr2025 00:47:35.143] [Server thread/INFO] [net.minecraft.server.MinecraftServer/]: [Not Secure] <Sofx0Loder> muchas
[15Apr2025 00:47:40.302] [Server thread/INFO] [net.minecraft.server.MinecraftServer/]: [Not Secure] <Flancito0_> 10 tengo
[15Apr2025 00:47:45.495] [Server thread/INFO] [net.minecraft.server.MinecraftServer/]: [Not Secure] <Sofx0Loder> libros?
[15Apr2025 00:47:52.693] [Server thread/INFO] [net.minecraft.server.MinecraftServer/]: [Not Secure] <Flancito0_> librerias
[15Apr2025 00:47:59.545] [Server thread/INFO] [net.minecraft.server.MinecraftServer/]: [Not Secure] <Sofx0Loder> trae lo q tengas
[15Apr2025 00:56:25.213] [Server thread/WARN] [net.minecraft.server.MinecraftServer/]: Can't keep up! Is the server overloaded? Running 4438ms or 88 ticks behind
[15Apr2025 00:56:33.061] [Server thread/WARN] [net.minecraft.server.level.ServerPlayerGameMode/]: Mismatch in destroy block pos: BlockPos{x=-1265, y=142, z=-1635} BlockPos{x=-1265, y=140, z=-1634}
[15Apr2025 00:59:15.267] [Server thread/INFO] [net.minecraft.server.MinecraftServer/]: [Sofx0Loder: Teleported Sofx0Loder to -2155.500000, 65.500000, -2242.500000]
[15Apr2025 00:59:26.651] [Server thread/INFO] [explorerscompass/]: SearchWorkerManager c63ccd06: RandomSpreadSearchWorker starting with 10000 max radius, 100000 max samples
[15Apr2025 00:59:29.303] [Server thread/WARN] [net.minecraft.server.MinecraftServer/]: Can't keep up! Is the server overloaded? Running 2328ms or 46 ticks behind
[15Apr2025 01:00:35.676] [Server Watchdog/ERROR] [net.minecraft.server.dedicated.ServerWatchdog/FATAL]: A single server tick took 60.00 seconds (should be max 0.05)
[15Apr2025 01:00:35.676] [Server Watchdog/ERROR] [net.minecraft.server.dedicated.ServerWatchdog/FATAL]: Considering it to be crashed, server will forcibly shutdown.
[15Apr2025 01:00:36.169] [Server Watchdog/FATAL] [net.minecraftforge.common.ForgeMod/]: Preparing crash report with UUID b5958a52-1572-49b0-b92d-a7a4bb272208
[15Apr2025 01:00:36.218] [Server Watchdog/FATAL] [net.minecraftforge.common.ForgeMod/]: Preparing crash report with UUID c8d20c97-f7b6-4b40-a6cd-f9e3a84761e2
[15Apr2025 01:00:36.220] [Server Watchdog/ERROR] [net.minecraft.server.dedicated.ServerWatchdog/]: This crash report has been saved to: /workspaces/expert-broccoli/servidor_minecraft/./crash-reports/crash-2025-04-15_01.00.36-server.txt
[15Apr2025 01:00:36.510] [Server thread/INFO] [net.minecraft.server.MinecraftServer/]: Stopping server
[15Apr2025 01:00:36.512] [Server thread/INFO] [net.minecraft.server.MinecraftServer/]: Saving players
[15Apr2025 01:00:36.524] [Server thread/INFO] [net.minecraft.server.network.ServerGamePacketListenerImpl/]: Sofx0Loder lost connection: Server closed
[15Apr2025 01:00:36.524] [Server thread/INFO] [net.minecraft.server.MinecraftServer/]: Sofx0Loder left the game
[15Apr2025 01:00:36.532] [Server thread/INFO] [net.minecraft.server.MinecraftServer/]: Saving worlds
[15Apr2025 01:00:42.607] [Server thread/INFO] [net.minecraft.server.MinecraftServer/]: Saving chunks for level 'ServerLevel[dxdss]'/minecraft:overworld
[15Apr2025 01:00:43.766] [Server thread/INFO] [net.minecraft.server.MinecraftServer/]: Saving chunks for level 'ServerLevel[dxdss]'/tht:dimension
[15Apr2025 01:00:43.770] [Server thread/INFO] [net.minecraft.server.MinecraftServer/]: Saving chunks for level 'ServerLevel[dxdss]'/minecraft:the_nether
